<?xml version="1.0" encoding="UTF-8"?>
<!-- Generated by org.testng.reporters.JUnitXMLReporter -->
<testsuite hostname="RLE0210" name="Order Provision" tests="3" failures="3" timestamp="12 Mar 2018 08:50:44 GMT" time="0.12" errors="0">
  <testcase name="loginAsPm" time="0.007" classname="com.dw.api.automation.TestScripts.OrderProvisonTest">
    <failure type="java.lang.NullPointerException">
      <![CDATA[java.lang.NullPointerException
	at com.dw.api.automation.libs.FilloExcelUtility.readExcelWithTestName(FilloExcelUtility.java:109)
	at com.dw.api.automation.TestScripts.OrderProvisonTest.loginAsPm(OrderProvisonTest.java:48)
... Removed 27 stack frames]]>
    </failure>
  </testcase> <!-- loginAsPm -->
  <testcase name="orderProvisionForBaseProduct" time="0.004" classname="com.dw.api.automation.TestScripts.OrderProvisonTest">
    <failure type="java.lang.NullPointerException">
      <![CDATA[java.lang.NullPointerException
	at com.dw.api.automation.libs.FilloExcelUtility.readExcelWithTestName(FilloExcelUtility.java:109)
	at com.dw.api.automation.pagefactory.ApiLoginPF.loginAsPM(ApiLoginPF.java:50)
	at com.dw.api.automation.pagefactory.OrderProvisonPF.orderProvisionForBaseProduct(OrderProvisonPF.java:30)
	at com.dw.api.automation.TestScripts.OrderProvisonTest.orderProvisionForBaseProduct(OrderProvisonTest.java:65)
... Removed 27 stack frames]]>
    </failure>
  </testcase> <!-- orderProvisionForBaseProduct -->
  <testcase name="orderProvisionForAddOnProduct" time="0.008" classname="com.dw.api.automation.TestScripts.OrderProvisonTest">
    <failure type="java.lang.NullPointerException">
      <![CDATA[java.lang.NullPointerException
	at com.dw.api.automation.libs.FilloExcelUtility.readExcelWithTestName(FilloExcelUtility.java:109)
	at com.dw.api.automation.pagefactory.ApiLoginPF.loginAsPM(ApiLoginPF.java:50)
	at com.dw.api.automation.pagefactory.OrderProvisonPF.orderProvsionForAddOnProduct(OrderProvisonPF.java:79)
	at com.dw.api.automation.TestScripts.OrderProvisonTest.orderProvisionForAddOnProduct(OrderProvisonTest.java:71)
... Removed 27 stack frames]]>
    </failure>
  </testcase> <!-- orderProvisionForAddOnProduct -->
</testsuite> <!-- Order Provision -->
